TN:
SF:src/awayModeAccessory.ts
FN:7,(anonymous_0)
FN:27,(anonymous_1)
FN:30,(anonymous_2)
FN:36,(anonymous_3)
FN:40,(anonymous_4)
FN:47,(anonymous_5)
FN:52,(anonymous_6)
FNF:7
FNH:6
FNDA:9,(anonymous_0)
FNDA:0,(anonymous_1)
FNDA:9,(anonymous_2)
FNDA:1,(anonymous_3)
FNDA:5,(anonymous_4)
FNDA:3,(anonymous_5)
FNDA:3,(anonymous_6)
DA:4,2
DA:8,9
DA:9,9
DA:12,9
DA:17,9
DA:21,9
DA:24,9
DA:27,9
DA:31,9
DA:37,1
DA:41,5
DA:42,2
DA:43,2
DA:48,3
DA:49,3
DA:53,3
DA:54,2
DA:55,1
DA:57,1
DA:59,2
LF:20
LH:20
BRDA:17,0,0,9
BRDA:17,0,1,9
BRDA:41,1,0,2
BRDA:41,1,1,3
BRDA:48,2,0,1
BRDA:48,2,1,2
BRDA:54,3,0,1
BRDA:54,3,1,1
BRF:8
BRH:8
end_of_record
TN:
SF:src/continuousFanModeAccessory.ts
FN:7,(anonymous_0)
FN:27,(anonymous_1)
FN:30,(anonymous_2)
FN:36,(anonymous_3)
FN:40,(anonymous_4)
FN:47,(anonymous_5)
FN:52,(anonymous_6)
FNF:7
FNH:6
FNDA:9,(anonymous_0)
FNDA:0,(anonymous_1)
FNDA:9,(anonymous_2)
FNDA:1,(anonymous_3)
FNDA:5,(anonymous_4)
FNDA:3,(anonymous_5)
FNDA:3,(anonymous_6)
DA:4,2
DA:8,9
DA:9,9
DA:12,9
DA:17,9
DA:21,9
DA:24,9
DA:27,9
DA:31,9
DA:37,1
DA:41,5
DA:42,2
DA:43,2
DA:48,3
DA:49,3
DA:53,3
DA:54,2
DA:55,1
DA:57,1
DA:59,2
LF:20
LH:20
BRDA:17,0,0,9
BRDA:17,0,1,9
BRDA:41,1,0,2
BRDA:41,1,1,3
BRDA:48,2,0,1
BRDA:48,2,1,2
BRDA:54,3,0,1
BRDA:54,3,1,1
BRF:8
BRH:8
end_of_record
TN:
SF:src/hvac.ts
FN:31,(anonymous_1)
FN:40,(anonymous_2)
FN:52,(anonymous_3)
FN:80,(anonymous_4)
FN:90,(anonymous_5)
FN:110,(anonymous_6)
FN:130,(anonymous_7)
FN:144,(anonymous_8)
FN:158,(anonymous_9)
FN:172,(anonymous_10)
FN:185,(anonymous_11)
FN:198,(anonymous_12)
FN:211,(anonymous_13)
FN:224,(anonymous_14)
FN:237,(anonymous_15)
FN:250,(anonymous_16)
FN:263,(anonymous_17)
FN:276,(anonymous_18)
FN:289,(anonymous_19)
FN:302,(anonymous_20)
FN:315,(anonymous_21)
FN:328,(anonymous_22)
FN:351,(anonymous_23)
FNF:23
FNH:21
FNDA:29,(anonymous_1)
FNDA:0,(anonymous_2)
FNDA:7,(anonymous_3)
FNDA:2,(anonymous_4)
FNDA:4,(anonymous_5)
FNDA:2,(anonymous_6)
FNDA:1,(anonymous_7)
FNDA:1,(anonymous_8)
FNDA:0,(anonymous_9)
FNDA:1,(anonymous_10)
FNDA:1,(anonymous_11)
FNDA:1,(anonymous_12)
FNDA:1,(anonymous_13)
FNDA:1,(anonymous_14)
FNDA:1,(anonymous_15)
FNDA:1,(anonymous_16)
FNDA:1,(anonymous_17)
FNDA:1,(anonymous_18)
FNDA:1,(anonymous_19)
FNDA:1,(anonymous_20)
FNDA:1,(anonymous_21)
FNDA:1,(anonymous_22)
FNDA:1,(anonymous_23)
DA:1,1
DA:2,1
DA:4,1
DA:6,1
DA:8,29
DA:9,29
DA:12,29
DA:13,29
DA:14,29
DA:15,29
DA:16,29
DA:17,29
DA:18,29
DA:19,29
DA:20,29
DA:21,29
DA:22,29
DA:23,29
DA:24,29
DA:25,29
DA:26,29
DA:27,29
DA:28,29
DA:29,29
DA:32,29
DA:33,29
DA:34,29
DA:35,29
DA:36,29
DA:37,29
DA:41,0
DA:42,0
DA:43,0
DA:44,0
DA:45,0
DA:47,0
DA:49,0
DA:53,7
DA:55,7
DA:56,1
DA:57,1
DA:60,6
DA:61,6
DA:62,6
DA:63,6
DA:64,6
DA:65,6
DA:66,6
DA:67,6
DA:68,6
DA:69,6
DA:70,6
DA:71,6
DA:72,6
DA:73,6
DA:74,6
DA:75,6
DA:76,6
DA:79,6
DA:80,7
DA:81,7
DA:82,1
DA:84,6
DA:87,6
DA:91,4
DA:92,1
DA:94,4
DA:95,2
DA:97,2
DA:98,2
DA:99,1
DA:100,1
DA:101,1
DA:102,1
DA:104,0
DA:107,2
DA:111,2
DA:112,0
DA:114,2
DA:115,1
DA:117,1
DA:118,1
DA:119,1
DA:120,0
DA:121,0
DA:122,0
DA:124,0
DA:127,1
DA:131,1
DA:132,1
DA:133,1
DA:134,1
DA:135,0
DA:136,0
DA:137,0
DA:139,0
DA:141,1
DA:145,1
DA:146,1
DA:147,1
DA:148,1
DA:149,0
DA:150,0
DA:151,0
DA:153,0
DA:155,1
DA:159,0
DA:160,0
DA:161,0
DA:162,0
DA:163,0
DA:164,0
DA:165,0
DA:167,0
DA:169,0
DA:173,1
DA:174,1
DA:175,1
DA:176,0
DA:177,0
DA:178,0
DA:180,0
DA:182,1
DA:186,1
DA:187,1
DA:188,1
DA:189,0
DA:190,0
DA:191,0
DA:193,0
DA:195,1
DA:199,1
DA:200,1
DA:201,1
DA:202,0
DA:203,0
DA:204,0
DA:206,0
DA:208,1
DA:212,1
DA:213,1
DA:214,1
DA:215,0
DA:216,0
DA:217,0
DA:219,0
DA:221,1
DA:225,1
DA:226,1
DA:227,1
DA:228,0
DA:229,0
DA:230,0
DA:232,0
DA:234,1
DA:238,1
DA:239,1
DA:240,1
DA:241,0
DA:242,0
DA:243,0
DA:245,0
DA:247,1
DA:251,1
DA:252,1
DA:253,1
DA:254,0
DA:255,0
DA:256,0
DA:258,0
DA:260,1
DA:264,1
DA:265,1
DA:266,1
DA:267,0
DA:268,0
DA:269,0
DA:271,0
DA:273,1
DA:277,1
DA:278,1
DA:279,1
DA:280,0
DA:281,0
DA:282,0
DA:284,0
DA:286,1
DA:290,1
DA:291,1
DA:292,1
DA:293,0
DA:294,0
DA:295,0
DA:297,0
DA:299,1
DA:303,1
DA:304,1
DA:305,1
DA:306,0
DA:307,0
DA:308,0
DA:310,0
DA:312,1
DA:316,1
DA:317,1
DA:318,1
DA:319,0
DA:320,0
DA:321,0
DA:323,0
DA:325,1
DA:329,1
DA:330,1
DA:331,1
DA:332,0
DA:333,0
DA:334,0
DA:335,0
DA:336,0
DA:337,0
DA:339,1
DA:340,1
DA:341,0
DA:342,0
DA:343,0
DA:344,0
DA:346,0
DA:348,1
DA:352,1
DA:353,1
DA:354,1
DA:355,0
DA:356,0
DA:357,0
DA:358,0
DA:359,0
DA:360,0
DA:362,1
DA:363,1
DA:364,0
DA:365,0
DA:366,0
DA:368,0
DA:370,1
LF:244
LH:145
BRDA:34,0,0,0
BRDA:35,1,0,0
BRDA:36,2,0,0
BRDA:40,3,0,0
BRDA:44,4,0,0
BRDA:44,4,1,0
BRDA:55,5,0,1
BRDA:55,5,1,6
BRDA:60,6,0,0
BRDA:60,6,1,6
BRDA:61,7,0,0
BRDA:61,7,1,6
BRDA:62,8,0,0
BRDA:62,8,1,6
BRDA:63,9,0,0
BRDA:63,9,1,6
BRDA:64,10,0,0
BRDA:64,10,1,6
BRDA:65,11,0,0
BRDA:65,11,1,6
BRDA:66,12,0,0
BRDA:66,12,1,6
BRDA:67,13,0,0
BRDA:67,13,1,6
BRDA:68,14,0,6
BRDA:68,14,1,0
BRDA:69,15,0,6
BRDA:69,15,1,0
BRDA:70,16,0,0
BRDA:70,16,1,6
BRDA:71,17,0,0
BRDA:71,17,1,6
BRDA:72,18,0,0
BRDA:72,18,1,6
BRDA:73,19,0,0
BRDA:73,19,1,6
BRDA:74,20,0,0
BRDA:74,20,1,6
BRDA:75,21,0,0
BRDA:75,21,1,6
BRDA:76,22,0,0
BRDA:76,22,1,6
BRDA:81,23,0,1
BRDA:81,23,1,6
BRDA:91,24,0,1
BRDA:91,24,1,3
BRDA:94,25,0,2
BRDA:94,25,1,2
BRDA:98,26,0,1
BRDA:98,26,1,1
BRDA:100,27,0,1
BRDA:100,27,1,0
BRDA:111,28,0,0
BRDA:111,28,1,2
BRDA:114,29,0,1
BRDA:114,29,1,1
BRDA:118,30,0,1
BRDA:118,30,1,0
BRDA:120,31,0,0
BRDA:120,31,1,0
BRDA:133,32,0,1
BRDA:133,32,1,0
BRDA:135,33,0,0
BRDA:135,33,1,0
BRDA:147,34,0,1
BRDA:147,34,1,0
BRDA:149,35,0,0
BRDA:149,35,1,0
BRDA:160,36,0,0
BRDA:160,36,1,0
BRDA:163,37,0,0
BRDA:163,37,1,0
BRDA:174,38,0,1
BRDA:174,38,1,0
BRDA:176,39,0,0
BRDA:176,39,1,0
BRDA:187,40,0,1
BRDA:187,40,1,0
BRDA:189,41,0,0
BRDA:189,41,1,0
BRDA:200,42,0,1
BRDA:200,42,1,0
BRDA:202,43,0,0
BRDA:202,43,1,0
BRDA:213,44,0,1
BRDA:213,44,1,0
BRDA:215,45,0,0
BRDA:215,45,1,0
BRDA:225,46,0,0
BRDA:225,46,1,1
BRDA:226,47,0,1
BRDA:226,47,1,0
BRDA:227,48,0,0
BRDA:227,48,1,1
BRDA:228,49,0,0
BRDA:228,49,1,0
BRDA:238,50,0,0
BRDA:238,50,1,1
BRDA:239,51,0,1
BRDA:239,51,1,0
BRDA:240,52,0,0
BRDA:240,52,1,1
BRDA:241,53,0,0
BRDA:241,53,1,0
BRDA:251,54,0,0
BRDA:251,54,1,1
BRDA:252,55,0,1
BRDA:252,55,1,0
BRDA:253,56,0,0
BRDA:253,56,1,1
BRDA:254,57,0,0
BRDA:254,57,1,0
BRDA:264,58,0,0
BRDA:264,58,1,1
BRDA:265,59,0,1
BRDA:265,59,1,0
BRDA:266,60,0,0
BRDA:266,60,1,1
BRDA:267,61,0,0
BRDA:267,61,1,0
BRDA:278,62,0,1
BRDA:278,62,1,0
BRDA:280,63,0,0
BRDA:280,63,1,0
BRDA:291,64,0,1
BRDA:291,64,1,0
BRDA:293,65,0,0
BRDA:293,65,1,0
BRDA:304,66,0,1
BRDA:304,66,1,0
BRDA:306,67,0,0
BRDA:306,67,1,0
BRDA:317,68,0,1
BRDA:317,68,1,0
BRDA:319,69,0,0
BRDA:319,69,1,0
BRDA:330,70,0,1
BRDA:330,70,1,0
BRDA:330,71,0,1
BRDA:330,71,1,0
BRDA:332,72,0,0
BRDA:332,72,1,0
BRDA:332,73,0,0
BRDA:332,73,1,0
BRDA:334,74,0,0
BRDA:334,74,1,0
BRDA:334,75,0,0
BRDA:334,75,1,0
BRDA:336,76,0,0
BRDA:336,76,1,0
BRDA:336,77,0,0
BRDA:336,77,1,0
BRDA:339,78,0,1
BRDA:339,78,1,0
BRDA:341,79,0,0
BRDA:341,79,1,0
BRDA:353,80,0,1
BRDA:353,80,1,0
BRDA:353,81,0,1
BRDA:353,81,1,1
BRDA:355,82,0,0
BRDA:355,82,1,0
BRDA:355,83,0,0
BRDA:355,83,1,0
BRDA:357,84,0,0
BRDA:357,84,1,0
BRDA:357,85,0,0
BRDA:357,85,1,0
BRDA:359,86,0,0
BRDA:359,86,1,0
BRDA:359,87,0,0
BRDA:359,87,1,0
BRDA:362,88,0,1
BRDA:362,88,1,0
BRDA:364,89,0,0
BRDA:364,89,1,0
BRF:176
BRH:61
end_of_record
TN:
SF:src/hvacSetting.ts
FN:5,(anonymous_0)
FNF:1
FNH:0
FNDA:0,(anonymous_0)
DA:1,1
DA:6,0
DA:7,0
DA:9,0
DA:10,0
LF:5
LH:1
BRF:0
BRH:0
end_of_record
TN:
SF:src/hvacZone.ts
FN:21,(anonymous_0)
FN:49,(anonymous_1)
FN:64,(anonymous_2)
FN:70,(anonymous_3)
FN:74,(anonymous_4)
FN:89,(anonymous_5)
FN:104,(anonymous_6)
FN:119,(anonymous_7)
FNF:8
FNH:8
FNDA:25,(anonymous_0)
FNDA:3,(anonymous_1)
FNDA:6,(anonymous_2)
FNDA:5,(anonymous_3)
FNDA:3,(anonymous_4)
FNDA:2,(anonymous_5)
FNDA:3,(anonymous_6)
FNDA:2,(anonymous_7)
DA:1,2
DA:5,2
DA:22,25
DA:23,25
DA:26,25
DA:27,25
DA:28,25
DA:29,25
DA:30,25
DA:31,25
DA:32,25
DA:33,25
DA:34,25
DA:35,25
DA:36,25
DA:37,25
DA:40,25
DA:41,2
DA:42,2
DA:44,23
DA:45,23
DA:50,3
DA:51,3
DA:52,3
DA:53,3
DA:54,3
DA:55,3
DA:56,3
DA:57,3
DA:58,3
DA:59,3
DA:65,6
DA:66,6
DA:67,1
DA:68,1
DA:70,5
DA:71,5
DA:75,3
DA:76,3
DA:77,3
DA:78,3
DA:79,1
DA:80,2
DA:81,1
DA:82,1
DA:84,1
DA:86,3
DA:90,2
DA:91,2
DA:92,2
DA:93,2
DA:94,1
DA:95,1
DA:96,1
DA:97,1
DA:99,0
DA:101,2
DA:105,3
DA:106,3
DA:107,3
DA:108,1
DA:109,2
DA:110,1
DA:111,1
DA:112,1
DA:114,1
DA:116,3
DA:120,2
DA:121,2
DA:122,2
DA:123,1
DA:124,1
DA:125,1
DA:126,1
DA:128,0
DA:130,2
LF:76
LH:74
BRDA:40,0,0,2
BRDA:40,0,1,23
BRDA:59,1,0,2
BRDA:59,1,1,1
BRDA:59,2,0,3
BRDA:59,2,1,2
BRDA:66,3,0,1
BRDA:66,3,1,5
BRDA:78,4,0,1
BRDA:78,4,1,2
BRDA:80,5,0,1
BRDA:80,5,1,1
BRDA:93,6,0,1
BRDA:93,6,1,1
BRDA:95,7,0,1
BRDA:95,7,1,0
BRDA:107,8,0,1
BRDA:107,8,1,2
BRDA:109,9,0,1
BRDA:109,9,1,1
BRDA:122,10,0,1
BRDA:122,10,1,1
BRDA:124,11,0,1
BRDA:124,11,1,0
BRF:24
BRH:22
end_of_record
TN:
SF:src/masterControllerAccessory.ts
FN:9,(anonymous_0)
FN:72,(anonymous_1)
FN:73,(anonymous_2)
FN:76,(anonymous_3)
FN:89,(anonymous_4)
FN:100,(anonymous_5)
FN:107,(anonymous_6)
FN:112,(anonymous_7)
FN:125,(anonymous_8)
FN:130,(anonymous_9)
FN:153,(anonymous_10)
FN:171,(anonymous_11)
FN:191,(anonymous_12)
FN:196,(anonymous_13)
FN:203,(anonymous_14)
FN:208,(anonymous_15)
FN:215,(anonymous_16)
FN:220,(anonymous_17)
FN:246,(anonymous_18)
FNF:19
FNH:17
FNDA:40,(anonymous_0)
FNDA:0,(anonymous_1)
FNDA:0,(anonymous_2)
FNDA:3,(anonymous_3)
FNDA:3,(anonymous_4)
FNDA:15,(anonymous_5)
FNDA:4,(anonymous_6)
FNDA:3,(anonymous_7)
FNDA:5,(anonymous_8)
FNDA:8,(anonymous_9)
FNDA:3,(anonymous_10)
FNDA:7,(anonymous_11)
FNDA:4,(anonymous_12)
FNDA:1,(anonymous_13)
FNDA:4,(anonymous_14)
FNDA:1,(anonymous_15)
FNDA:4,(anonymous_16)
FNDA:5,(anonymous_17)
FNDA:9,(anonymous_18)
DA:2,2
DA:5,2
DA:10,40
DA:11,40
DA:14,40
DA:20,40
DA:24,40
DA:28,40
DA:31,40
DA:35,40
DA:39,40
DA:42,40
DA:46,40
DA:49,40
DA:58,40
DA:67,40
DA:72,40
DA:73,40
DA:77,3
DA:78,3
DA:79,3
DA:80,1
DA:81,2
DA:82,1
DA:85,1
DA:90,3
DA:91,3
DA:92,3
DA:93,3
DA:94,3
DA:95,3
DA:96,3
DA:97,3
DA:101,15
DA:102,2
DA:103,2
DA:108,4
DA:109,4
DA:113,3
DA:114,2
DA:116,1
DA:117,1
DA:119,1
DA:120,1
DA:122,2
DA:126,5
DA:127,5
DA:132,8
DA:133,8
DA:135,1
DA:136,1
DA:138,1
DA:139,1
DA:141,5
DA:142,5
DA:144,1
DA:145,1
DA:147,8
DA:148,1
DA:150,8
DA:154,3
DA:155,3
DA:157,1
DA:158,1
DA:160,1
DA:161,1
DA:163,1
DA:164,1
DA:166,0
DA:168,3
DA:173,7
DA:174,7
DA:176,1
DA:177,1
DA:179,1
DA:180,1
DA:182,4
DA:183,4
DA:185,1
DA:186,1
DA:188,7
DA:192,4
DA:193,4
DA:197,1
DA:198,1
DA:199,1
DA:200,1
DA:204,4
DA:205,4
DA:209,1
DA:210,1
DA:211,1
DA:212,1
DA:216,4
DA:217,4
DA:221,5
DA:222,5
DA:224,5
DA:225,1
DA:226,1
DA:229,4
DA:231,1
DA:232,1
DA:234,1
DA:235,1
DA:237,1
DA:238,1
DA:240,1
DA:241,1
DA:243,4
DA:248,9
DA:249,9
DA:252,5
DA:253,5
DA:256,1
DA:257,1
DA:260,1
DA:261,1
DA:264,1
DA:265,1
DA:267,1
DA:268,1
DA:270,9
LF:123
LH:122
BRDA:20,0,0,40
BRDA:20,0,1,40
BRDA:24,1,0,40
BRDA:24,1,1,40
BRDA:79,2,0,1
BRDA:79,2,1,2
BRDA:81,3,0,1
BRDA:81,3,1,1
BRDA:101,4,0,2
BRDA:101,4,1,13
BRDA:114,5,0,1
BRDA:114,5,1,1
BRDA:126,6,0,4
BRDA:126,6,1,1
BRDA:133,7,0,1
BRDA:133,7,1,1
BRDA:133,7,2,5
BRDA:133,7,3,1
BRDA:147,8,0,1
BRDA:147,8,1,7
BRDA:155,9,0,1
BRDA:155,9,1,1
BRDA:155,9,2,1
BRDA:155,9,3,0
BRDA:174,10,0,1
BRDA:174,10,1,1
BRDA:174,10,2,4
BRDA:174,10,3,1
BRDA:224,11,0,1
BRDA:224,11,1,4
BRDA:229,12,0,1
BRDA:229,12,1,1
BRDA:229,12,2,1
BRDA:229,12,3,1
BRDA:249,13,0,4
BRDA:249,13,1,5
BRDA:249,13,2,1
BRDA:249,13,3,1
BRDA:249,13,4,1
BRDA:249,13,5,1
BRDA:249,13,6,1
BRDA:249,13,7,1
BRDA:249,13,8,1
BRF:43
BRH:42
end_of_record
TN:
SF:src/platform.ts
FN:35,(anonymous_0)
FN:101,(anonymous_1)
FN:108,(anonymous_2)
FN:113,(anonymous_3)
FN:160,(anonymous_4)
FNF:5
FNH:2
FNDA:9,(anonymous_0)
FNDA:0,(anonymous_1)
FNDA:1,(anonymous_2)
FNDA:0,(anonymous_3)
FNDA:0,(anonymous_4)
DA:3,1
DA:4,1
DA:5,1
DA:6,1
DA:7,1
DA:8,1
DA:9,1
DA:12,1
DA:14,1
DA:15,9
DA:16,9
DA:17,9
DA:23,9
DA:24,9
DA:25,9
DA:26,9
DA:27,9
DA:28,9
DA:29,9
DA:30,9
DA:31,9
DA:32,9
DA:36,9
DA:37,9
DA:38,9
DA:40,9
DA:41,9
DA:42,9
DA:43,9
DA:44,0
DA:45,0
DA:47,9
DA:48,9
DA:49,9
DA:51,9
DA:52,9
DA:53,9
DA:55,9
DA:56,9
DA:57,9
DA:59,9
DA:60,8
DA:61,8
DA:63,9
DA:64,8
DA:65,8
DA:67,9
DA:68,8
DA:69,8
DA:71,9
DA:72,9
DA:73,9
DA:75,9
DA:76,9
DA:77,9
DA:81,9
DA:82,1
DA:84,1
DA:87,8
DA:88,1
DA:90,1
DA:93,7
DA:94,1
DA:96,1
DA:99,6
DA:101,6
DA:102,0
DA:104,0
DA:109,1
DA:110,1
DA:114,0
DA:116,0
DA:118,0
DA:119,0
DA:121,0
DA:122,0
DA:148,0
DA:149,0
DA:156,0
DA:158,0
DA:159,0
DA:160,0
DA:162,0
DA:163,0
DA:164,0
DA:165,0
DA:166,0
DA:167,0
DA:168,0
DA:169,0
DA:170,0
DA:171,0
DA:172,0
DA:173,0
DA:174,0
DA:175,0
DA:176,0
DA:177,0
DA:180,0
DA:181,0
DA:182,0
DA:183,0
DA:184,0
DA:185,0
DA:186,0
DA:187,0
DA:188,0
DA:189,0
DA:190,0
DA:191,0
DA:192,0
DA:194,0
DA:198,0
DA:199,0
DA:201,0
LF:115
LH:66
BRDA:43,0,0,0
BRDA:43,0,1,9
BRDA:47,1,0,9
BRDA:47,1,1,0
BRDA:51,2,0,9
BRDA:51,2,1,0
BRDA:55,3,0,9
BRDA:55,3,1,0
BRDA:59,4,0,8
BRDA:59,4,1,1
BRDA:63,5,0,8
BRDA:63,5,1,1
BRDA:67,6,0,8
BRDA:67,6,1,1
BRDA:71,7,0,9
BRDA:71,7,1,0
BRDA:75,8,0,9
BRDA:75,8,1,0
BRDA:81,9,0,1
BRDA:81,9,1,8
BRDA:87,10,0,1
BRDA:87,10,1,7
BRDA:93,11,0,1
BRDA:93,11,1,6
BRDA:162,12,0,0
BRDA:162,12,1,0
BRDA:163,13,0,0
BRDA:163,13,1,0
BRDA:166,14,0,0
BRDA:166,14,1,0
BRDA:169,15,0,0
BRDA:169,15,1,0
BRDA:172,16,0,0
BRDA:172,16,1,0
BRDA:175,17,0,0
BRDA:175,17,1,0
BRDA:183,18,0,0
BRDA:183,18,1,0
BRDA:185,19,0,0
BRDA:185,19,1,0
BRDA:187,20,0,0
BRDA:187,20,1,0
BRDA:189,21,0,0
BRDA:189,21,1,0
BRDA:191,22,0,0
BRDA:191,22,1,0
BRDA:198,23,0,0
BRDA:198,23,1,0
BRF:48
BRH:18
end_of_record
TN:
SF:src/queApi.ts
FN:26,(anonymous_6)
FN:69,(anonymous_7)
FN:73,(anonymous_8)
FN:74,(anonymous_9)
FN:75,(anonymous_10)
FN:152,(anonymous_11)
FN:167,(anonymous_12)
FN:176,(anonymous_13)
FN:182,(anonymous_14)
FN:213,(anonymous_15)
FN:225,(anonymous_16)
FN:256,(anonymous_17)
FN:268,(anonymous_18)
FN:285,(anonymous_19)
FN:328,(anonymous_20)
FN:423,(anonymous_21)
FN:453,(anonymous_22)
FNF:17
FNH:6
FNDA:20,(anonymous_6)
FNDA:14,(anonymous_7)
FNDA:2,(anonymous_8)
FNDA:2,(anonymous_9)
FNDA:2,(anonymous_10)
FNDA:0,(anonymous_11)
FNDA:0,(anonymous_12)
FNDA:12,(anonymous_13)
FNDA:0,(anonymous_14)
FNDA:0,(anonymous_15)
FNDA:0,(anonymous_16)
FNDA:0,(anonymous_17)
FNDA:0,(anonymous_18)
FNDA:0,(anonymous_19)
FNDA:0,(anonymous_20)
FNDA:0,(anonymous_21)
FNDA:0,(anonymous_22)
DA:1,1
DA:2,1
DA:4,1
DA:5,1
DA:6,1
DA:7,1
DA:10,1
DA:12,20
DA:13,20
DA:14,20
DA:15,20
DA:16,20
DA:21,20
DA:22,20
DA:27,20
DA:28,20
DA:29,20
DA:30,20
DA:31,20
DA:34,20
DA:35,20
DA:39,20
DA:40,1
DA:42,20
DA:43,1
DA:44,1
DA:46,19
DA:47,19
DA:48,19
DA:49,19
DA:51,0
DA:52,0
DA:53,0
DA:58,20
DA:59,1
DA:61,20
DA:62,1
DA:65,20
DA:66,20
DA:73,14
DA:74,2
DA:75,2
DA:76,2
DA:83,14
DA:84,14
DA:87,5
DA:88,5
DA:94,4
DA:95,4
DA:96,4
DA:98,1
DA:99,1
DA:103,9
DA:106,2
DA:112,2
DA:113,0
DA:114,0
DA:115,0
DA:116,0
DA:118,2
DA:119,2
DA:120,2
DA:125,1
DA:126,1
DA:127,1
DA:134,3
DA:135,2
DA:136,2
DA:138,1
DA:139,1
DA:140,1
DA:141,1
DA:145,1
DA:146,1
DA:147,1
DA:153,0
DA:154,0
DA:156,0
DA:157,0
DA:158,0
DA:159,0
DA:160,0
DA:161,0
DA:162,0
DA:164,0
DA:170,0
DA:171,0
DA:172,0
DA:173,0
DA:178,12
DA:179,12
DA:185,0
DA:186,0
DA:198,0
DA:199,0
DA:200,0
DA:201,0
DA:202,0
DA:204,0
DA:205,0
DA:206,0
DA:209,0
DA:210,0
DA:212,0
DA:213,0
DA:214,0
DA:215,0
DA:216,0
DA:217,0
DA:220,0
DA:222,0
DA:229,0
DA:230,0
DA:240,0
DA:241,0
DA:242,0
DA:243,0
DA:244,0
DA:246,0
DA:247,0
DA:248,0
DA:251,0
DA:252,0
DA:254,0
DA:255,0
DA:256,0
DA:257,0
DA:258,0
DA:259,0
DA:260,0
DA:263,0
DA:265,0
DA:270,0
DA:271,0
DA:272,0
DA:273,0
DA:274,0
DA:277,0
DA:282,0
DA:288,0
DA:289,0
DA:294,0
DA:295,0
DA:296,0
DA:297,0
DA:298,0
DA:300,0
DA:301,0
DA:302,0
DA:305,0
DA:306,0
DA:308,0
DA:310,0
DA:311,0
DA:312,0
DA:313,0
DA:315,0
DA:316,0
DA:317,0
DA:318,0
DA:319,0
DA:324,0
DA:330,0
DA:335,0
DA:336,0
DA:337,0
DA:338,0
DA:339,0
DA:341,0
DA:342,0
DA:347,0
DA:348,0
DA:349,0
DA:351,0
DA:352,0
DA:353,0
DA:354,0
DA:355,0
DA:356,0
DA:357,0
DA:363,0
DA:364,0
DA:365,0
DA:366,0
DA:367,0
DA:371,0
DA:372,0
DA:379,0
DA:394,0
DA:395,0
DA:400,0
DA:419,0
DA:420,0
DA:426,0
DA:431,0
DA:432,0
DA:433,0
DA:434,0
DA:435,0
DA:437,0
DA:438,0
DA:443,0
DA:445,0
DA:446,0
DA:449,0
DA:456,0
DA:457,0
DA:458,0
DA:459,0
DA:465,0
DA:466,0
DA:467,0
DA:468,0
DA:469,0
DA:471,0
DA:472,0
DA:477,0
DA:478,0
DA:479,0
DA:480,0
DA:481,0
DA:482,0
DA:483,0
DA:484,0
DA:485,0
DA:486,0
DA:488,0
DA:491,0
LF:228
LH:70
BRDA:32,0,0,1
BRDA:39,1,0,1
BRDA:39,1,1,19
BRDA:42,2,0,1
BRDA:42,2,1,19
BRDA:48,3,0,19
BRDA:48,3,1,0
BRDA:58,4,0,1
BRDA:58,4,1,19
BRDA:61,5,0,1
BRDA:61,5,1,19
BRDA:69,6,0,8
BRDA:69,7,0,12
BRDA:73,8,0,2
BRDA:88,9,0,4
BRDA:88,9,1,1
BRDA:88,10,0,5
BRDA:88,10,1,4
BRDA:88,10,2,4
BRDA:88,10,3,3
BRDA:88,10,4,2
BRDA:88,10,5,2
BRDA:103,11,0,2
BRDA:103,11,1,2
BRDA:103,11,2,1
BRDA:103,11,3,3
BRDA:103,11,4,1
BRDA:112,12,0,0
BRDA:112,12,1,2
BRDA:133,13,0,4
BRDA:133,13,1,3
BRDA:134,14,0,2
BRDA:134,14,1,1
BRDA:153,15,0,0
BRDA:153,15,1,0
BRDA:157,16,0,0
BRDA:157,16,1,0
BRDA:158,17,0,0
BRDA:158,17,1,0
BRDA:204,18,0,0
BRDA:204,18,1,0
BRDA:209,19,0,0
BRDA:209,19,1,0
BRDA:209,20,0,0
BRDA:209,20,1,0
BRDA:214,21,0,0
BRDA:214,21,1,0
BRDA:215,22,0,0
BRDA:215,22,1,0
BRDA:246,23,0,0
BRDA:246,23,1,0
BRDA:251,24,0,0
BRDA:251,24,1,0
BRDA:251,25,0,0
BRDA:251,25,1,0
BRDA:257,26,0,0
BRDA:257,26,1,0
BRDA:258,27,0,0
BRDA:258,27,1,0
BRDA:270,28,0,0
BRDA:270,28,1,0
BRDA:273,29,0,0
BRDA:273,29,1,0
BRDA:300,30,0,0
BRDA:300,30,1,0
BRDA:305,31,0,0
BRDA:305,31,1,0
BRDA:305,32,0,0
BRDA:305,32,1,0
BRDA:310,33,0,0
BRDA:310,33,1,0
BRDA:315,34,0,0
BRDA:315,34,1,0
BRDA:315,35,0,0
BRDA:315,35,1,0
BRDA:317,36,0,0
BRDA:317,36,1,0
BRDA:341,37,0,0
BRDA:341,37,1,0
BRDA:347,38,0,0
BRDA:347,38,1,0
BRDA:347,39,0,0
BRDA:347,39,1,0
BRDA:371,40,0,0
BRDA:371,40,1,0
BRDA:391,41,0,0
BRDA:391,41,1,0
BRDA:392,42,0,0
BRDA:392,42,1,0
BRDA:403,43,0,0
BRDA:403,43,1,0
BRDA:437,44,0,0
BRDA:437,44,1,0
BRDA:443,45,0,0
BRDA:443,45,1,0
BRDA:443,46,0,0
BRDA:443,46,1,0
BRDA:453,47,0,0
BRDA:453,48,0,0
BRDA:453,49,0,0
BRDA:471,50,0,0
BRDA:471,50,1,0
BRDA:477,51,0,0
BRDA:477,51,1,0
BRDA:481,52,0,0
BRDA:481,52,1,0
BRDA:484,53,0,0
BRDA:484,53,1,0
BRF:108
BRH:31
end_of_record
TN:
SF:src/queCommands.ts
FN:2,(anonymous_0)
FN:10,(anonymous_1)
FN:18,(anonymous_2)
FN:26,(anonymous_3)
FN:34,(anonymous_4)
FN:42,(anonymous_5)
FN:50,(anonymous_6)
FN:58,(anonymous_7)
FN:66,(anonymous_8)
FN:74,(anonymous_9)
FN:82,(anonymous_10)
FN:90,(anonymous_11)
FN:98,(anonymous_12)
FN:106,(anonymous_13)
FN:115,(anonymous_14)
FN:123,(anonymous_15)
FN:131,(anonymous_16)
FN:140,(anonymous_17)
FN:148,(anonymous_18)
FN:156,(anonymous_19)
FN:164,(anonymous_20)
FN:172,(anonymous_21)
FN:180,(anonymous_22)
FN:188,(anonymous_23)
FN:196,(anonymous_24)
FN:204,(anonymous_25)
FN:212,(anonymous_26)
FN:223,modifiedZoneStatuses
FNF:28
FNH:28
FNDA:2,(anonymous_0)
FNDA:2,(anonymous_1)
FNDA:2,(anonymous_2)
FNDA:1,(anonymous_3)
FNDA:1,(anonymous_4)
FNDA:1,(anonymous_5)
FNDA:2,(anonymous_6)
FNDA:1,(anonymous_7)
FNDA:1,(anonymous_8)
FNDA:1,(anonymous_9)
FNDA:1,(anonymous_10)
FNDA:1,(anonymous_11)
FNDA:1,(anonymous_12)
FNDA:1,(anonymous_13)
FNDA:2,(anonymous_14)
FNDA:1,(anonymous_15)
FNDA:1,(anonymous_16)
FNDA:1,(anonymous_17)
FNDA:1,(anonymous_18)
FNDA:2,(anonymous_19)
FNDA:1,(anonymous_20)
FNDA:2,(anonymous_21)
FNDA:1,(anonymous_22)
FNDA:3,(anonymous_23)
FNDA:2,(anonymous_24)
FNDA:1,(anonymous_25)
FNDA:1,(anonymous_26)
FNDA:5,modifiedZoneStatuses
DA:1,2
DA:3,2
DA:11,2
DA:19,2
DA:27,1
DA:35,1
DA:43,1
DA:51,2
DA:59,1
DA:67,1
DA:75,1
DA:83,1
DA:91,1
DA:99,1
DA:107,1
DA:116,2
DA:124,1
DA:132,1
DA:141,1
DA:149,1
DA:157,2
DA:165,1
DA:173,2
DA:181,1
DA:189,3
DA:197,2
DA:205,1
DA:213,1
DA:226,5
DA:227,5
DA:228,5
LF:31
LH:31
BRF:0
BRH:0
end_of_record
TN:
SF:src/quietModeAccessory.ts
FN:7,(anonymous_0)
FN:27,(anonymous_1)
FN:30,(anonymous_2)
FN:36,(anonymous_3)
FN:40,(anonymous_4)
FN:47,(anonymous_5)
FN:52,(anonymous_6)
FNF:7
FNH:5
FNDA:8,(anonymous_0)
FNDA:0,(anonymous_1)
FNDA:8,(anonymous_2)
FNDA:0,(anonymous_3)
FNDA:5,(anonymous_4)
FNDA:2,(anonymous_5)
FNDA:3,(anonymous_6)
DA:4,2
DA:8,8
DA:9,8
DA:12,8
DA:17,8
DA:21,8
DA:24,8
DA:27,8
DA:31,8
DA:37,0
DA:41,5
DA:42,2
DA:43,2
DA:48,2
DA:49,2
DA:53,3
DA:54,2
DA:55,1
DA:57,1
DA:59,2
LF:20
LH:19
BRDA:17,0,0,8
BRDA:17,0,1,8
BRDA:41,1,0,2
BRDA:41,1,1,3
BRDA:48,2,0,1
BRDA:48,2,1,1
BRDA:54,3,0,1
BRDA:54,3,1,1
BRF:8
BRH:8
end_of_record
TN:
SF:src/schema.ts
FNF:0
FNH:0
DA:3,1
DA:192,1
DA:228,1
DA:256,1
DA:270,1
LF:5
LH:5
BRF:0
BRH:0
end_of_record
TN:
SF:src/settings.ts
FNF:0
FNH:0
DA:4,1
DA:9,1
LF:2
LH:2
BRF:0
BRH:0
end_of_record
TN:
SF:src/types.ts
FN:5,(anonymous_0)
FN:11,(anonymous_1)
FN:18,(anonymous_2)
FN:26,(anonymous_3)
FN:33,(anonymous_4)
FN:45,(anonymous_5)
FNF:6
FNH:6
FNDA:7,(anonymous_0)
FNDA:7,(anonymous_1)
FNDA:7,(anonymous_2)
FNDA:7,(anonymous_3)
FNDA:7,(anonymous_4)
FNDA:7,(anonymous_5)
DA:5,7
DA:6,7
DA:7,7
DA:8,7
DA:11,7
DA:12,7
DA:13,7
DA:14,7
DA:15,7
DA:18,7
DA:19,7
DA:20,7
DA:21,7
DA:22,7
DA:23,7
DA:26,7
DA:27,7
DA:28,7
DA:29,7
DA:30,7
DA:33,7
DA:34,7
DA:35,7
DA:36,7
DA:37,7
DA:38,7
DA:39,7
DA:40,7
DA:41,7
DA:42,7
DA:45,7
DA:46,7
DA:47,7
DA:48,7
DA:49,7
DA:50,7
DA:51,7
DA:52,7
DA:53,7
DA:54,7
DA:55,7
DA:56,7
DA:57,7
DA:58,7
DA:59,7
DA:60,7
DA:61,7
DA:62,7
DA:63,7
DA:64,7
DA:65,7
DA:66,7
DA:67,7
DA:68,7
DA:69,7
DA:70,7
DA:71,7
DA:72,7
LF:58
LH:58
BRDA:5,0,0,7
BRDA:5,0,1,7
BRDA:11,1,0,7
BRDA:11,1,1,7
BRDA:18,2,0,7
BRDA:18,2,1,7
BRDA:26,3,0,7
BRDA:26,3,1,7
BRDA:33,4,0,7
BRDA:33,4,1,7
BRDA:45,5,0,7
BRDA:45,5,1,7
BRF:12
BRH:12
end_of_record
TN:
SF:src/zoneControllerAccessory.ts
FN:13,(anonymous_0)
FN:78,(anonymous_1)
FN:81,(anonymous_2)
FN:87,(anonymous_3)
FN:126,(anonymous_4)
FN:131,(anonymous_5)
FN:136,(anonymous_6)
FN:145,(anonymous_7)
FN:164,(anonymous_8)
FN:171,(anonymous_9)
FN:188,(anonymous_10)
FN:192,(anonymous_11)
FN:197,(anonymous_12)
FN:203,(anonymous_13)
FN:213,(anonymous_14)
FN:217,(anonymous_15)
FN:221,(anonymous_16)
FN:226,(anonymous_17)
FN:236,(anonymous_18)
FN:242,(anonymous_19)
FN:269,(anonymous_20)
FN:291,(anonymous_21)
FN:295,(anonymous_22)
FN:301,(anonymous_23)
FN:305,(anonymous_24)
FNF:25
FNH:24
FNDA:53,(anonymous_0)
FNDA:0,(anonymous_1)
FNDA:35,(anonymous_2)
FNDA:18,(anonymous_3)
FNDA:35,(anonymous_4)
FNDA:53,(anonymous_5)
FNDA:53,(anonymous_6)
FNDA:2,(anonymous_7)
FNDA:9,(anonymous_8)
FNDA:4,(anonymous_9)
FNDA:3,(anonymous_10)
FNDA:1,(anonymous_11)
FNDA:4,(anonymous_12)
FNDA:3,(anonymous_13)
FNDA:3,(anonymous_14)
FNDA:3,(anonymous_15)
FNDA:2,(anonymous_16)
FNDA:2,(anonymous_17)
FNDA:3,(anonymous_18)
FNDA:6,(anonymous_19)
FNDA:5,(anonymous_20)
FNDA:2,(anonymous_21)
FNDA:1,(anonymous_22)
FNDA:2,(anonymous_23)
FNDA:1,(anonymous_24)
DA:2,2
DA:6,2
DA:11,53
DA:14,53
DA:15,53
DA:16,53
DA:19,53
DA:25,53
DA:27,18
DA:28,18
DA:29,18
DA:31,18
DA:35,35
DA:36,35
DA:37,0
DA:39,35
DA:44,53
DA:45,35
DA:49,18
DA:50,18
DA:51,18
DA:53,18
DA:57,53
DA:61,53
DA:65,53
DA:68,53
DA:69,18
DA:71,35
DA:72,35
DA:74,53
DA:75,53
DA:78,53
DA:82,35
DA:89,18
DA:94,18
DA:98,18
DA:102,18
DA:106,18
DA:116,18
DA:127,35
DA:132,53
DA:137,53
DA:139,53
DA:141,53
DA:146,2
DA:148,1
DA:149,1
DA:150,1
DA:151,1
DA:152,1
DA:153,1
DA:156,1
DA:157,1
DA:159,2
DA:160,2
DA:161,2
DA:165,9
DA:166,2
DA:167,2
DA:172,4
DA:173,4
DA:174,3
DA:175,3
DA:176,3
DA:178,3
DA:180,1
DA:181,0
DA:182,0
DA:184,1
DA:189,3
DA:194,1
DA:198,4
DA:204,3
DA:205,2
DA:206,1
DA:208,1
DA:210,2
DA:214,3
DA:218,3
DA:222,2
DA:227,2
DA:228,2
DA:229,1
DA:231,1
DA:233,2
DA:237,3
DA:244,6
DA:247,6
DA:249,1
DA:250,1
DA:252,1
DA:253,1
DA:255,3
DA:256,3
DA:258,1
DA:262,6
DA:263,1
DA:266,6
DA:271,5
DA:274,5
DA:276,1
DA:277,1
DA:279,1
DA:280,1
DA:282,2
DA:283,2
DA:285,1
DA:288,5
DA:292,2
DA:296,1
DA:297,1
DA:298,1
DA:302,2
DA:306,1
DA:307,1
DA:308,1
LF:116
LH:113
BRDA:25,0,0,18
BRDA:25,0,1,35
BRDA:28,1,0,18
BRDA:28,1,1,0
BRDA:31,2,0,18
BRDA:31,2,1,18
BRDA:36,3,0,0
BRDA:36,3,1,35
BRDA:39,4,0,35
BRDA:39,4,1,34
BRDA:44,5,0,35
BRDA:44,5,1,18
BRDA:45,6,0,35
BRDA:45,6,1,34
BRDA:50,7,0,18
BRDA:50,7,1,0
BRDA:57,8,0,53
BRDA:57,8,1,34
BRDA:61,9,0,53
BRDA:61,9,1,34
BRDA:68,10,0,18
BRDA:68,10,1,35
BRDA:146,11,0,1
BRDA:146,11,1,1
BRDA:165,12,0,2
BRDA:165,12,1,7
BRDA:173,13,0,3
BRDA:173,13,1,1
BRDA:174,14,0,3
BRDA:174,14,1,0
BRDA:174,15,0,3
BRDA:174,15,1,0
BRDA:180,16,0,0
BRDA:180,16,1,1
BRDA:198,17,0,1
BRDA:198,17,1,3
BRDA:205,18,0,1
BRDA:205,18,1,1
BRDA:214,19,0,2
BRDA:214,19,1,1
BRDA:228,20,0,1
BRDA:228,20,1,1
BRDA:237,21,0,2
BRDA:237,21,1,1
BRDA:247,22,0,1
BRDA:247,22,1,1
BRDA:247,22,2,3
BRDA:247,22,3,1
BRDA:262,23,0,1
BRDA:262,23,1,5
BRDA:274,24,0,1
BRDA:274,24,1,1
BRDA:274,24,2,2
BRDA:274,24,3,1
BRF:54
BRH:48
end_of_record
